<?xml version="1.0" encoding="UTF-8"?>
<testng-results ignored="0" total="2" passed="2" failed="0" skipped="0">
  <reporter-output>
  </reporter-output>
  <suite started-at="2023-03-11T21:26:05 IST" name="Suite" finished-at="2023-03-11T21:27:24 IST" duration-ms="79598">
    <groups>
    </groups>
    <test started-at="2023-03-11T21:26:05 IST" name="Test" finished-at="2023-03-11T21:27:24 IST" duration-ms="79598">
      <class name="implementation.H_CreationNewProduct">
        <test-method is-config="true" signature="Driver()[pri:0, instance:implementation.H_CreationNewProduct@6babf3bf]" started-at="2023-03-11T21:26:05 IST" name="Driver" finished-at="2023-03-11T21:26:33 IST" duration-ms="28266" status="PASS">
          <reporter-output>
          </reporter-output>
        </test-method> <!-- Driver -->
        <test-method signature="G_LoginWithAdminMethod()[pri:0, instance:implementation.H_CreationNewProduct@6babf3bf]" started-at="2023-03-11T21:26:33 IST" name="G_LoginWithAdminMethod" finished-at="2023-03-11T21:26:55 IST" duration-ms="22193" status="PASS">
          <reporter-output>
          </reporter-output>
        </test-method> <!-- G_LoginWithAdminMethod -->
        <test-method signature="H_CreationNewProductMethod()[pri:0, instance:implementation.H_CreationNewProduct@6babf3bf]" started-at="2023-03-11T21:26:55 IST" name="H_CreationNewProductMethod" finished-at="2023-03-11T21:27:24 IST" duration-ms="28993" status="PASS">
          <reporter-output>
          </reporter-output>
        </test-method> <!-- H_CreationNewProductMethod -->
      </class> <!-- implementation.H_CreationNewProduct -->
    </test> <!-- Test -->
  </suite> <!-- Suite -->
</testng-results>
